7/3/2015 2:11:07 AM	This log contains information about the import schema operation into project 'FlowswitchDatabase' on computer 'SIGWAVEPC' by user 'marcus'.
7/3/2015 2:11:08 AM	Import of database schema has started.
7/3/2015 2:11:08 AM	Gathering database options
7/3/2015 2:11:08 AM	Gathering users
7/3/2015 2:11:08 AM	Gathering roles
7/3/2015 2:11:08 AM	Gathering application roles
7/3/2015 2:11:08 AM	Gathering role memberships
7/3/2015 2:11:08 AM	Gathering filegroups
7/3/2015 2:11:08 AM	Gathering full-text catalogs
7/3/2015 2:11:08 AM	Gathering assemblies
7/3/2015 2:11:08 AM	Gathering certificates
7/3/2015 2:11:08 AM	Gathering asymmetric keys
7/3/2015 2:11:08 AM	Gathering symmetric keys
7/3/2015 2:11:08 AM	Gathering encrypted symmetric keys
7/3/2015 2:11:08 AM	Gathering schemas
7/3/2015 2:11:08 AM	Gathering XML schema collections
7/3/2015 2:11:08 AM	Gathering user-defined data types
7/3/2015 2:11:08 AM	Gathering user-defined types
7/3/2015 2:11:08 AM	Gathering table types
7/3/2015 2:11:08 AM	Gathering unique keys for table types
7/3/2015 2:11:08 AM	Gathering primary keys for table types
7/3/2015 2:11:08 AM	Gathering check constraints for table types
7/3/2015 2:11:08 AM	Gathering default constraints for table types
7/3/2015 2:11:08 AM	Gathering partition functions
7/3/2015 2:11:08 AM	Gathering partition schemes
7/3/2015 2:11:08 AM	Gathering functions
7/3/2015 2:11:08 AM	Gathering encrypted functions
7/3/2015 2:11:08 AM	Gathering aggregates
7/3/2015 2:11:08 AM	Gathering procedures
7/3/2015 2:11:08 AM	Gathering encrypted procedures
7/3/2015 2:11:08 AM	Gathering tables
7/3/2015 2:11:08 AM	Gathering primary keys
7/3/2015 2:11:08 AM	Gathering unique constraints
7/3/2015 2:11:08 AM	Gathering foreign keys
7/3/2015 2:11:08 AM	Gathering default constraints
7/3/2015 2:11:08 AM	Gathering check constraints
7/3/2015 2:11:08 AM	Gathering views
7/3/2015 2:11:08 AM	Gathering encrypted views
7/3/2015 2:11:08 AM	Gathering indexes
7/3/2015 2:11:08 AM	Gathering statistics
7/3/2015 2:11:08 AM	Gathering full-text index stoplists
7/3/2015 2:11:08 AM	Gathering full-text indexes
7/3/2015 2:11:08 AM	Gathering spatial indexes
7/3/2015 2:11:08 AM	Gathering XML indexes
7/3/2015 2:11:08 AM	Gathering encrypted triggers
7/3/2015 2:11:08 AM	Gathering triggers
7/3/2015 2:11:08 AM	Gathering encrypted and clr ddl triggers
7/3/2015 2:11:08 AM	Gathering ddl triggers
7/3/2015 2:11:08 AM	Gathering synonyms
7/3/2015 2:11:08 AM	Gathering defaults
7/3/2015 2:11:08 AM	Gathering data constraint uddt bindings
7/3/2015 2:11:08 AM	Gathering rules
7/3/2015 2:11:08 AM	Gathering data constraint uddt bindings
7/3/2015 2:11:08 AM	Gathering message types
7/3/2015 2:11:08 AM	Gathering queues
7/3/2015 2:11:08 AM	Gathering contracts
7/3/2015 2:11:08 AM	Gathering services
7/3/2015 2:11:08 AM	Gathering event notifications
7/3/2015 2:11:08 AM	Gathering remote service bindings
7/3/2015 2:11:08 AM	Gathering broker priorities
7/3/2015 2:11:08 AM	Gathering signatures
7/3/2015 2:11:08 AM	Gathering data compression options
7/3/2015 2:11:08 AM	Gathering extended properties
7/3/2015 2:11:08 AM	Gathering credentials
7/3/2015 2:11:08 AM	Gathering logins
7/3/2015 2:11:08 AM	Gathering server audits
7/3/2015 2:11:09 AM	Scanning project for duplicate elements
7/3/2015 2:11:09 AM	Finished duplicate element processing
7/3/2015 2:11:09 AM	Finished importing database.
7/3/2015 2:11:09 AM	A summary of the import was saved to the following location: C:\Users\marcus\OneDrive\VisualStudioProjects\FlowswitchApplication\FlowswitchDatabase\Import Schema Logs\FlowswitchDatabase_20150703091107.log
7/3/2015 2:11:09 AM	Click Finish to continue...
